<?xml version="1.0" encoding="UTF-8"?>
<!-- Generated by org.testng.reporters.JUnitReportReporter -->
<testsuite hostname="Anils-MacBook-Air.local" name="passion_basetest.passion_e2e.AppTest" tests="1" failures="0" timestamp="25 Apr 2018 19:53:24 GMT" time="0.003" errors="0">
  <testcase name="testApp" time="0.003" classname="passion_basetest.passion_e2e.AppTest"/>
</testsuite> <!-- passion_basetest.passion_e2e.AppTest -->
