<?xml version="1.0" encoding="UTF-8"?>
<!-- Generated by org.testng.reporters.JUnitReportReporter -->
<testsuite hostname="Anils-MacBook-Air.local" name="e2e_testcases.test_cases" tests="6" failures="0" timestamp="25 Apr 2018 19:53:24 GMT" time="7.944" errors="0">
  <testcase name="lastname_mandatory" time="1.609" classname="e2e_testcases.test_cases"/>
  <testcase name="valid_email" time="2.028" classname="e2e_testcases.test_cases"/>
  <testcase name="verifyall_fields" time="0.178" classname="e2e_testcases.test_cases"/>
  <testcase name="home_page_title" time="0.122" classname="e2e_testcases.test_cases"/>
  <testcase name="firstname_mandatory" time="1.805" classname="e2e_testcases.test_cases"/>
  <testcase name="email_mandatory" time="2.202" classname="e2e_testcases.test_cases"/>
</testsuite> <!-- e2e_testcases.test_cases -->
