<?xml version="1.0" encoding="UTF-8"?>
<!-- Generated by org.testng.reporters.JUnitReportReporter -->
<testsuite hostname="Anils-MacBook-Air.local" failures="0" tests="1" name="passion_basetest.passion_e2e.AppTest" time="0.003" errors="0" timestamp="24 Apr 2018 17:57:13 GMT" skipped="0">
  <testcase classname="passion_basetest.passion_e2e.AppTest" name="testApp" time="0.003"/>
</testsuite> <!-- passion_basetest.passion_e2e.AppTest -->
