<?xml version="1.0" encoding="UTF-8"?>
<!-- Generated by org.testng.reporters.JUnitReportReporter -->
<testsuite hostname="Anils-MacBook-Air.local" failures="0" tests="15" name="e2e_testcases.test_cases" time="7.269" errors="0" timestamp="24 Apr 2018 17:57:13 GMT" skipped="9">
  <testcase classname="e2e_testcases.test_cases" name="verifyall_fields" time="0.189"/>
  <testcase classname="e2e_testcases.test_cases" name="email_mandatory" time="1.919"/>
  <testcase classname="e2e_testcases.test_cases" name="home_page_title" time="0.086"/>
  <testcase classname="e2e_testcases.test_cases" name="lastname_mandatory" time="1.592"/>
  <testcase classname="e2e_testcases.test_cases" name="firstname_mandatory" time="1.627"/>
  <testcase classname="e2e_testcases.test_cases" name="valid_email" time="1.856"/>
  <testcase classname="e2e_testcases.test_cases" name="gettext_lname">
    <skipped/>
  </testcase> <!-- gettext_lname -->
  <testcase classname="e2e_testcases.test_cases" name="fn_input">
    <skipped/>
  </testcase> <!-- fn_input -->
  <testcase classname="e2e_testcases.test_cases" name="gettext_fname">
    <skipped/>
  </testcase> <!-- gettext_fname -->
  <testcase classname="e2e_testcases.test_cases" name="ln_input">
    <skipped/>
  </testcase> <!-- ln_input -->
  <testcase classname="e2e_testcases.test_cases" name="tc_001">
    <skipped/>
  </testcase> <!-- tc_001 -->
  <testcase classname="e2e_testcases.test_cases" name="tc_004">
    <skipped/>
  </testcase> <!-- tc_004 -->
  <testcase classname="e2e_testcases.test_cases" name="email_input">
    <skipped/>
  </testcase> <!-- email_input -->
  <testcase classname="e2e_testcases.test_cases" name="gettext_email">
    <skipped/>
  </testcase> <!-- gettext_email -->
  <testcase classname="e2e_testcases.test_cases" name="tc_002">
    <skipped/>
  </testcase> <!-- tc_002 -->
</testsuite> <!-- e2e_testcases.test_cases -->
