<?xml version="1.0" encoding="UTF-8"?>
<!-- Generated by org.testng.reporters.JUnitReportReporter -->
<testsuite hostname="Anils-MacBook-Air.local" failures="0" tests="1" name="com.channelassist.exercise.ChannelAssistExercise.AppTest" time="0.014" errors="0" timestamp="28 Jul 2018 18:15:18 GMT">
  <testcase classname="com.channelassist.exercise.ChannelAssistExercise.AppTest" name="testApp" time="0.014"/>
</testsuite> <!-- com.channelassist.exercise.ChannelAssistExercise.AppTest -->
